<?xml version="1.0" encoding="UTF-8"?>
<!-- Generated by org.testng.reporters.JUnitReportReporter -->
<testsuite hostname="DESKTOP-8EK7M7O" failures="0" tests="18" name="testNG_Flags.Flag7" time="0.071" errors="0" timestamp="2023-05-28T12:48:09 IST" skipped="0">
  <testcase classname="testNG_Flags.Flag7" name="ft1" time="0.014"/>
  <system-out>
    <![CDATA[FTC1]]>
  </system-out>
  <testcase classname="testNG_Flags.Flag7" name="ft5" time="0.007"/>
  <system-out>
    <![CDATA[FTC5]]>
  </system-out>
  <testcase classname="testNG_Flags.Flag7" name="it1" time="0.003"/>
  <system-out>
    <![CDATA[ITC1]]>
  </system-out>
  <testcase classname="testNG_Flags.Flag7" name="ft3" time="0.004"/>
  <system-out>
    <![CDATA[FTC3]]>
  </system-out>
  <testcase classname="testNG_Flags.Flag7" name="st3" time="0.001"/>
  <system-out>
    <![CDATA[STC3]]>
  </system-out>
  <testcase classname="testNG_Flags.Flag7" name="ft6" time="0.005"/>
  <system-out>
    <![CDATA[FTC6]]>
  </system-out>
  <testcase classname="testNG_Flags.Flag7" name="it4" time="0.002"/>
  <system-out>
    <![CDATA[ITC4]]>
  </system-out>
  <testcase classname="testNG_Flags.Flag7" name="st6" time="0.002"/>
  <system-out>
    <![CDATA[STC6]]>
  </system-out>
  <testcase classname="testNG_Flags.Flag7" name="it3" time="0.002"/>
  <system-out>
    <![CDATA[ITC3]]>
  </system-out>
  <testcase classname="testNG_Flags.Flag7" name="ft4" time="0.007"/>
  <system-out>
    <![CDATA[FTC4]]>
  </system-out>
  <testcase classname="testNG_Flags.Flag7" name="st5" time="0.005"/>
  <system-out>
    <![CDATA[STC5]]>
  </system-out>
  <testcase classname="testNG_Flags.Flag7" name="it5" time="0.003"/>
  <system-out>
    <![CDATA[ITC5]]>
  </system-out>
  <testcase classname="testNG_Flags.Flag7" name="ft2" time="0.007"/>
  <system-out>
    <![CDATA[FTC2]]>
  </system-out>
  <testcase classname="testNG_Flags.Flag7" name="st1" time="0.002"/>
  <system-out>
    <![CDATA[STC1]]>
  </system-out>
  <testcase classname="testNG_Flags.Flag7" name="it6" time="0.002"/>
  <system-out>
    <![CDATA[ITC6]]>
  </system-out>
  <testcase classname="testNG_Flags.Flag7" name="st4" time="0.001"/>
  <system-out>
    <![CDATA[STC4]]>
  </system-out>
  <testcase classname="testNG_Flags.Flag7" name="it2" time="0.001"/>
  <system-out>
    <![CDATA[ITC2]]>
  </system-out>
  <testcase classname="testNG_Flags.Flag7" name="st2" time="0.003"/>
  <system-out>
    <![CDATA[STC2]]>
  </system-out>
</testsuite> <!-- testNG_Flags.Flag7 -->
