<?xml version="1.0" encoding="UTF-8"?>
<!-- Generated by org.testng.reporters.JUnitReportReporter -->
<testsuite hostname="DESKTOP-8EK7M7O" failures="0" tests="1" name="testNG.Semo3" time="0.002" errors="0" timestamp="2023-05-22T18:53:10 IST" skipped="0">
  <testcase classname="testNG.Semo3" name="e" time="0.002"/>
  <system-out>
    <![CDATA[hey sql!!!]]>
  </system-out>
</testsuite> <!-- testNG.Semo3 -->
