<?xml version="1.0" encoding="UTF-8"?>
<!-- Generated by org.testng.reporters.JUnitReportReporter -->
<testsuite hostname="DESKTOP-8EK7M7O" failures="0" tests="3" name="testNG.GoogleSearchtestcase2" time="26.485" errors="0" timestamp="2023-05-23T15:47:18 IST" skipped="0">
  <testcase classname="testNG.GoogleSearchtestcase2" name="testCase1" time="10.583"/>
  <system-out/>
  <testcase classname="testNG.GoogleSearchtestcase2" name="testCase" time="8.190"/>
  <system-out/>
  <testcase classname="testNG.GoogleSearchtestcase2" name="testCase2" time="7.712"/>
  <system-out/>
</testsuite> <!-- testNG.GoogleSearchtestcase2 -->
