<?xml version="1.0" encoding="UTF-8"?>
<!-- Generated by org.testng.reporters.JUnitReportReporter -->
<testsuite hostname="DESKTOP-8EK7M7O" failures="0" tests="2" name="testNGmethodParalleE.MathodParalleExicution" time="189.788" errors="0" timestamp="2023-05-24T13:51:51 IST" skipped="0">
  <testcase classname="testNGmethodParalleE.MathodParalleExicution" name="methos1" time="120.621"/>
  <system-out/>
  <testcase classname="testNGmethodParalleE.MathodParalleExicution" name="methos2" time="69.167"/>
  <system-out/>
</testsuite> <!-- testNGmethodParalleE.MathodParalleExicution -->
