<?xml version="1.0" encoding="UTF-8"?>
<!-- Generated by org.testng.reporters.JUnitReportReporter -->
<testsuite hostname="DESKTOP-8EK7M7O" failures="0" tests="3" name="testNG.Demotest2" time="0.008" errors="0" timestamp="2023-05-23T10:05:41 IST" skipped="0">
  <testcase classname="testNG.Demotest2" name="h" time="0.003"/>
  <system-out>
    <![CDATA[h method!!!]]>
  </system-out>
  <testcase classname="testNG.Demotest2" name="k" time="0.001"/>
  <system-out>
    <![CDATA[k method]]>
  </system-out>
  <testcase classname="testNG.Demotest2" name="j" time="0.004"/>
  <system-out>
    <![CDATA[j method]]>
  </system-out>
</testsuite> <!-- testNG.Demotest2 -->
