<?xml version="1.0" encoding="UTF-8"?>
<!-- Generated by org.testng.reporters.JUnitReportReporter -->
<testsuite hostname="DESKTOP-8EK7M7O" failures="0" tests="1" name="testNG.Demo" time="0.021" errors="0" timestamp="2023-05-22T18:53:10 IST" skipped="0">
  <testcase classname="testNG.Demo" name="f" time="0.021"/>
  <system-out>
    <![CDATA[hey java!!!]]>
  </system-out>
</testsuite> <!-- testNG.Demo -->
