<?xml version="1.0" encoding="UTF-8"?>
<!-- Generated by org.testng.reporters.JUnitReportReporter -->
<testsuite hostname="DESKTOP-8EK7M7O" failures="0" tests="3" name="testNG.DemoTest1" time="0.012" errors="0" timestamp="2023-05-23T10:05:41 IST" skipped="0">
  <testcase classname="testNG.DemoTest1" name="e" time="0.005"/>
  <system-out>
    <![CDATA[hey sql!!!]]>
  </system-out>
  <testcase classname="testNG.DemoTest1" name="g" time="0.004"/>
  <system-out>
    <![CDATA[g method]]>
  </system-out>
  <testcase classname="testNG.DemoTest1" name="f" time="0.003"/>
  <system-out>
    <![CDATA[f ]]>
  </system-out>
</testsuite> <!-- testNG.DemoTest1 -->
