<?xml version="1.0" encoding="UTF-8"?>
<!-- Generated by org.testng.reporters.JUnitReportReporter -->
<testsuite hostname="DESKTOP-8EK7M7O" failures="0" tests="1" name="testNGParallelExicution.ParalleExicution" time="49.842" errors="0" timestamp="2023-06-03T13:27:29 IST" skipped="0">
  <testcase classname="testNGParallelExicution.ParalleExicution" name="methos1" time="49.842"/>
  <system-out/>
</testsuite> <!-- testNGParallelExicution.ParalleExicution -->
