<?xml version="1.0" encoding="UTF-8"?>
<!-- Generated by org.testng.reporters.JUnitReportReporter -->
<testsuite hostname="DESKTOP-8EK7M7O" failures="0" tests="2" name="testNGExicution.selceBrowser2" time="52.689" errors="0" timestamp="2023-05-25T10:45:25 IST" skipped="0">
  <testcase classname="testNGExicution.selceBrowser2" name="method1" time="24.641"/>
  <system-out/>
  <testcase classname="testNGExicution.selceBrowser2" name="method1" time="28.048"/>
  <system-out/>
</testsuite> <!-- testNGExicution.selceBrowser2 -->
