<?xml version="1.0" encoding="UTF-8"?>
<!-- Generated by org.testng.reporters.JUnitReportReporter -->
<testsuite hostname="DESKTOP-8EK7M7O" failures="0" tests="2" name="testNGExicution.SelectBrowser" time="154.780" errors="0" timestamp="2023-05-25T09:55:39 IST" skipped="0">
  <testcase classname="testNGExicution.SelectBrowser" name="method1" time="72.039"/>
  <system-out/>
  <testcase classname="testNGExicution.SelectBrowser" name="method1" time="82.741"/>
  <system-out/>
</testsuite> <!-- testNGExicution.SelectBrowser -->
