<?xml version="1.0" encoding="UTF-8"?>
<!-- Generated by org.testng.reporters.JUnitReportReporter -->
<testsuite hostname="DESKTOP-8EK7M7O" failures="0" tests="2" name="testNG_Flags.Flag2" time="0.012" errors="0" timestamp="2023-05-28T12:42:32 IST" skipped="1">
  <testcase classname="testNG_Flags.Flag2" name="method1" time="0.012"/>
  <system-out>
    <![CDATA[Login Performed!!]]>
  </system-out>
  <testcase classname="testNG_Flags.Flag2" name="method2">
    <skipped/>
  </testcase> <!-- method2 -->
  <system-out/>
</testsuite> <!-- testNG_Flags.Flag2 -->
