<?xml version="1.0" encoding="UTF-8"?>
<!-- Generated by org.testng.reporters.JUnitReportReporter -->
<testsuite hostname="DESKTOP-8EK7M7O" failures="0" tests="1" name="testNGBatchExicution.batchExicution" time="13.422" errors="0" timestamp="2023-05-24T13:38:11 IST" skipped="0">
  <testcase classname="testNGBatchExicution.batchExicution" name="methos1" time="13.422"/>
  <system-out/>
</testsuite> <!-- testNGBatchExicution.batchExicution -->
