<?xml version="1.0" encoding="UTF-8"?>
<!-- Generated by org.testng.reporters.JUnitReportReporter -->
<testsuite hostname="DESKTOP-8EK7M7O" failures="0" tests="3" name="testNG.Demo3" time="0.029" errors="0" timestamp="2023-05-23T10:05:41 IST" skipped="0">
  <testcase classname="testNG.Demo3" name="b" time="0.017"/>
  <system-out>
    <![CDATA[b method]]>
  </system-out>
  <testcase classname="testNG.Demo3" name="m" time="0.005"/>
  <system-out>
    <![CDATA[m method]]>
  </system-out>
  <testcase classname="testNG.Demo3" name="l" time="0.007"/>
  <system-out>
    <![CDATA[l method!!!]]>
  </system-out>
</testsuite> <!-- testNG.Demo3 -->
