<?xml version="1.0" encoding="UTF-8"?>
<!-- Generated by org.testng.reporters.JUnitReportReporter -->
<testsuite hostname="DESKTOP-8EK7M7O" failures="0" tests="1" name="testNG.Remo2" time="0.005" errors="0" timestamp="2023-05-22T18:53:10 IST" skipped="0">
  <testcase classname="testNG.Remo2" name="d" time="0.005"/>
  <system-out>
    <![CDATA[hey selenium!!!]]>
  </system-out>
</testsuite> <!-- testNG.Remo2 -->
