<?xml version="1.0" encoding="UTF-8"?>
<!-- Generated by org.testng.reporters.JUnitReportReporter -->
<testsuite hostname="DESKTOP-8EK7M7O" failures="0" tests="1" name="testNG_Flags.Flag1" time="0.029" errors="0" timestamp="2023-05-28T12:40:58 IST" skipped="0">
  <testcase classname="testNG_Flags.Flag1" name="method1" time="0.029"/>
  <system-out>
    <![CDATA[Method 1 Login!!]]>
  </system-out>
</testsuite> <!-- testNG_Flags.Flag1 -->
