<?xml version="1.0" encoding="UTF-8"?>
<!-- Generated by org.testng.reporters.JUnitReportReporter -->
<testsuite hostname="DESKTOP-8EK7M7O" failures="0" tests="3" name="testNG.GoogleSearchtestcase" time="83.122" errors="0" timestamp="2023-05-23T11:07:17 IST" skipped="0">
  <testcase classname="testNG.GoogleSearchtestcase" name="search1" time="19.433"/>
  <system-out/>
  <testcase classname="testNG.GoogleSearchtestcase" name="search" time="26.460"/>
  <system-out/>
  <testcase classname="testNG.GoogleSearchtestcase" name="search2" time="37.229"/>
  <system-out/>
</testsuite> <!-- testNG.GoogleSearchtestcase -->
